<?xml version="1.0" encoding="UTF-8"?>
<!-- Generated by org.testng.reporters.JUnitReportReporter -->
<testsuite hostname="DESKTOP-7B2N1DS" failures="0" tests="1" name="AmazonFlightTest.TC_13_ApplyCode" time="21.746" errors="0" timestamp="2024-09-22T18:44:46 IST" skipped="0">
  <testcase classname="AmazonFlightTest.TC_13_ApplyCode" name="verifyApplyCode" time="21.746"/>
</testsuite> <!-- AmazonFlightTest.TC_13_ApplyCode -->
