<?xml version="1.0" encoding="UTF-8"?>
<!-- Generated by org.testng.reporters.JUnitReportReporter -->
<testsuite hostname="DESKTOP-7B2N1DS" failures="0" tests="2" name="AmazonFlightTest.TC_15_CheckPayement" time="80.222" errors="0" timestamp="2024-09-22T18:38:11 IST" skipped="1">
  <testcase classname="AmazonFlightTest.TC_15_CheckPayement" name="testPayment" time="35.811"/>
  <testcase classname="AmazonFlightTest.TC_15_CheckPayement" name="testPayment" time="44.411">
    <skipped/>
  </testcase> <!-- testPayment -->
</testsuite> <!-- AmazonFlightTest.TC_15_CheckPayement -->
