<?xml version="1.0" encoding="UTF-8"?>
<!-- Generated by org.testng.reporters.JUnitReportReporter -->
<testsuite hostname="DESKTOP-7B2N1DS" failures="0" tests="1" name="AmazonFlightTest.TC_02_Login" time="11.363" errors="0" timestamp="2024-09-22T18:42:07 IST" skipped="0">
  <testcase classname="AmazonFlightTest.TC_02_Login" name="TestCase01" time="11.363"/>
</testsuite> <!-- AmazonFlightTest.TC_02_Login -->
