<?xml version="1.0" encoding="UTF-8"?>
<!-- Generated by org.testng.reporters.JUnitReportReporter -->
<testsuite hostname="DESKTOP-7B2N1DS" failures="0" tests="1" name="AmazonFlightTest.TC_14_RoundTripSearch" time="21.967" errors="0" timestamp="2024-09-22T18:42:07 IST" skipped="0">
  <testcase classname="AmazonFlightTest.TC_14_RoundTripSearch" name="testCaseRoundTrip" time="21.967"/>
</testsuite> <!-- AmazonFlightTest.TC_14_RoundTripSearch -->
